<?xml version="1.0" encoding="UTF-8"?>
<!-- Generated by org.testng.reporters.JUnitReportReporter -->
<testsuite hostname="DESKTOP-86C7DGP" failures="0" tests="5" name="com.tutorialninja.qa.testcases.Login" time="35.377" errors="0" timestamp="2023-05-29T17:38:25 EDT" skipped="0">
  <testcase classname="com.tutorialninja.qa.testcases.Login" name="verifyLoginWithValidCredentials" time="7.495"/>
  <system-out/>
  <testcase classname="com.tutorialninja.qa.testcases.Login" name="verifyLoginWithInvalidCredentials" time="7.058"/>
  <system-out/>
  <testcase classname="com.tutorialninja.qa.testcases.Login" name="verifyLoginWithInvalidEmailValidPassword" time="6.946"/>
  <system-out/>
  <testcase classname="com.tutorialninja.qa.testcases.Login" name="verifyLoginWithValidEmailInvalidPassword" time="7.021"/>
  <system-out/>
  <testcase classname="com.tutorialninja.qa.testcases.Login" name="verifyLoginWithoutProvidingCredentials" time="6.857"/>
  <system-out/>
</testsuite> <!-- com.tutorialninja.qa.testcases.Login -->
