<?xml version="1.0" encoding="UTF-8"?>
<!-- Generated by org.testng.reporters.JUnitReportReporter -->
<testsuite hostname="DESKTOP-86C7DGP" failures="0" tests="3" name="com.tutorialninja.qa.testcases.Search" time="19.707" errors="0" timestamp="2023-05-29T17:38:25 EDT" skipped="0">
  <testcase classname="com.tutorialninja.qa.testcases.Search" name="verifySearchWithValidProduct" time="6.676"/>
  <system-out/>
  <testcase classname="com.tutorialninja.qa.testcases.Search" name="verifySearchWithInValidProduct" time="6.428"/>
  <system-out/>
  <testcase classname="com.tutorialninja.qa.testcases.Search" name="verifySearchWithoutPrividingProductName" time="6.603"/>
  <system-out/>
</testsuite> <!-- com.tutorialninja.qa.testcases.Search -->
