<?xml version="1.0" encoding="UTF-8"?>
<!-- Generated by org.testng.reporters.JUnitReportReporter -->
<testsuite hostname="DESKTOP-86C7DGP" failures="0" tests="4" name="com.tutorialninja.qa.testcases.Register" time="33.619" errors="0" timestamp="2023-05-29T17:38:25 EDT" skipped="0">
  <testcase classname="com.tutorialninja.qa.testcases.Register" name="VerifyRegisteringAnAccountWithMandotoryField" time="10.481"/>
  <system-out/>
  <testcase classname="com.tutorialninja.qa.testcases.Register" name="VerifyRegisteringAnAccountBYProvidingAllFields" time="8.157"/>
  <system-out/>
  <testcase classname="com.tutorialninja.qa.testcases.Register" name="VerifyRegisteringAnAccountWithExistingEmailAddress" time="7.592"/>
  <system-out/>
  <testcase classname="com.tutorialninja.qa.testcases.Register" name="VerifyRegisteringAnAccountWithoutFillingAnyDetails" time="7.389"/>
  <system-out/>
</testsuite> <!-- com.tutorialninja.qa.testcases.Register -->
